<?xml version="1.0" encoding="UTF-8"?>
<!-- Generated by org.testng.reporters.JUnitReportReporter -->
<testsuite hostname="DoveyRuchi" failures="0" tests="2" name="sampleAdvReports.SampleAdvReports" time="11.608" errors="0" timestamp="2026-08-07T22:11:32 IST" skipped="0">
  <testcase classname="sampleAdvReports.SampleAdvReports" name="logout" time="4.888"/>
  <testcase classname="sampleAdvReports.SampleAdvReports" name="login" time="6.720"/>
</testsuite> <!-- sampleAdvReports.SampleAdvReports -->
