<?xml version="1.0" encoding="UTF-8"?>
<!-- Generated by org.testng.reporters.JUnitXMLReporter -->
<testsuite ignored="0" hostname="DoveyRuchi" failures="0" tests="3" name="Chrome Browser" time="96.13" errors="0" timestamp="2026-08-10T15:35:46 IST">
  <testcase classname="crm.organization.CreateOrgTest" name="OrgTest" time="17.562"/>
  <testcase classname="crm.cases.CreateCaseTest" name="CaseTest" time="9.069"/>
  <testcase classname="crm.campaign.CreateCampaignTest" name="CampaignTest" time="9.622"/>
</testsuite> <!-- Chrome Browser -->
