<?xml version="1.0" encoding="UTF-8"?>
<!-- Generated by org.testng.reporters.JUnitXMLReporter -->
<testsuite ignored="2" hostname="DoveyRuchi" failures="0" tests="1" name="Edge Browser" time="13.183" errors="0" timestamp="2026-08-14T20:55:20 IST">
  <testcase classname="crm.vendor.CreateVendorTest" name="VendorTest" time="5.371"/>
  <testcase classname="crm.lead.CreateLeadTest" name="LeadTest" time="0.0">
    <ignored/>
  </testcase> <!-- LeadTest -->
  <testcase classname="crm.activity.CreateActivityTest" name="ActivityTest" time="0.0">
    <ignored/>
  </testcase> <!-- ActivityTest -->
</testsuite> <!-- Edge Browser -->
