<?xml version="1.0" encoding="UTF-8"?>
<!-- Generated by org.testng.reporters.JUnitXMLReporter -->
<testsuite ignored="2" hostname="DoveyRuchi" failures="0" tests="1" name="Edge Browser" time="42.374" errors="0" timestamp="2026-08-10T15:34:52 IST">
  <testcase classname="crm.vendor.CreateVendorTest" name="VendorTest" time="13.574"/>
  <testcase classname="crm.lead.CreateLeadTest" name="LeadTest" time="0.0">
    <ignored/>
  </testcase> <!-- LeadTest -->
  <testcase classname="crm.activity.CreateActivityTest" name="ActivityTest" time="0.0">
    <ignored/>
  </testcase> <!-- ActivityTest -->
</testsuite> <!-- Edge Browser -->
