<?xml version="1.0" encoding="UTF-8"?>
<!-- Generated by org.testng.reporters.JUnitXMLReporter -->
<testsuite ignored="0" hostname="DoveyRuchi" failures="2" tests="3" name="Thread3" time="112.317" errors="0" timestamp="2026-08-01T12:32:23 IST">
  <testcase classname="crm.activity.CreateActivityTest" name="ActivityTest" time="47.621">
    <failure type="java.lang.AssertionError" message="expected [AutoMeeting5] but found []">
      <![CDATA[java.lang.AssertionError: expected [AutoMeeting5] but found []
at crm.activity.CreateActivityTest.ActivityTest(CreateActivityTest.java:117)
at java.base/java.util.ArrayList.forEach(ArrayList.java:1596)
at java.base/java.util.concurrent.FutureTask.run(FutureTask.java:317)
at java.base/java.util.concurrent.ThreadPoolExecutor.runWorker(ThreadPoolExecutor.java:1144)
at java.base/java.util.concurrent.ThreadPoolExecutor$Worker.run(ThreadPoolExecutor.java:642)
at java.base/java.lang.Thread.run(Thread.java:1583)
... Removed 21 stack frames]]>
    </failure>
  </testcase> <!-- ActivityTest -->
  <testcase classname="crm.campaign.CreateCampaignTest" name="CampaignTest" time="35.642">
    <failure type="java.lang.AssertionError" message="expected [AutoCampaign649] but found [Qspiders]">
      <![CDATA[java.lang.AssertionError: expected [AutoCampaign649] but found [Qspiders]
at crm.campaign.CreateCampaignTest.CampaignTest(CreateCampaignTest.java:139)
at java.base/java.util.ArrayList.forEach(ArrayList.java:1596)
at java.base/java.util.concurrent.FutureTask.run(FutureTask.java:317)
at java.base/java.util.concurrent.ThreadPoolExecutor.runWorker(ThreadPoolExecutor.java:1144)
at java.base/java.util.concurrent.ThreadPoolExecutor$Worker.run(ThreadPoolExecutor.java:642)
at java.base/java.lang.Thread.run(Thread.java:1583)
... Removed 21 stack frames]]>
    </failure>
  </testcase> <!-- CampaignTest -->
  <testcase classname="crm.cases.CreateCaseTest" name="CaseTest" time="29.018"/>
</testsuite> <!-- Thread3 -->
