<?xml version="1.0" encoding="UTF-8"?>
<!-- Generated by org.testng.reporters.JUnitXMLReporter -->
<testsuite ignored="0" hostname="DoveyRuchi" failures="0" tests="3" name="Thread2" time="126.422" errors="0" timestamp="2026-08-01T12:32:37 IST">
  <testcase classname="crm.contact.CreateContactTest" name="ContactTest" time="58.797"/>
  <testcase classname="crm.lead.CreateLeadTest" name="LeadTest" time="41.931"/>
  <testcase classname="crm.opportunity.CreateOppTest" name="OppTest" time="25.653"/>
</testsuite> <!-- Thread2 -->
