<?xml version="1.0" encoding="UTF-8"?>
<!-- Generated by org.testng.reporters.JUnitXMLReporter -->
<testsuite ignored="0" hostname="DoveyRuchi" failures="0" tests="3" name="Thread2" time="195.197" errors="0" timestamp="2026-08-01T13:55:22 IST">
  <testcase classname="crm.contact.CreateContactTest" name="ContactTest" time="90.14"/>
  <testcase classname="crm.lead.CreateLeadTest" name="LeadTest" time="58.856"/>
  <testcase classname="crm.opportunity.CreateOppTest" name="OppTest" time="46.159"/>
</testsuite> <!-- Thread2 -->
