<?xml version="1.0" encoding="UTF-8"?>
<testng-results ignored="0" total="3" passed="2" failed="1" skipped="0">
  <reporter-output>
  </reporter-output>
  <suite started-at="2026-08-14T21:03:24 IST" name="Cross Browser Suite" finished-at="2026-08-14T21:04:06 IST" duration-ms="42083">
    <groups>
      <group name="regression">
        <method signature="CreateOppTest.OppTest()[pri:0, instance:crm.opportunity.CreateOppTest@3eb25e1a]" name="OppTest" class="crm.opportunity.CreateOppTest"/>
      </group> <!-- regression -->
      <group name="smoke">
        <method signature="CreateActivityTest.ActivityTest()[pri:0, instance:crm.activity.CreateActivityTest@6743e411]" name="ActivityTest" class="crm.activity.CreateActivityTest"/>
        <method signature="CreateCampaignTest.CampaignTest()[pri:0, instance:crm.campaign.CreateCampaignTest@682b2fa]" name="CampaignTest" class="crm.campaign.CreateCampaignTest"/>
      </group> <!-- smoke -->
    </groups>
    <test started-at="2026-08-14T21:03:24 IST" name="Chrome Browser" finished-at="2026-08-14T21:04:06 IST" duration-ms="42083">
      <class name="crm.activity.CreateActivityTest">
        <test-method is-config="true" signature="setUp(java.lang.String)[pri:0, instance:crm.activity.CreateActivityTest@6743e411]" started-at="2026-08-14T21:03:34 IST" name="setUp" finished-at="2026-08-14T21:03:34 IST" duration-ms="791" status="PASS">
          <params>
            <param index="0">
              <value>
                <![CDATA[chrome]]>
              </value>
            </param>
          </params>
          <reporter-output>
          </reporter-output>
        </test-method> <!-- setUp -->
        <test-method is-config="true" signature="login()[pri:0, instance:crm.activity.CreateActivityTest@6743e411]" started-at="2026-08-14T21:03:34 IST" name="login" finished-at="2026-08-14T21:03:38 IST" duration-ms="3332" status="PASS">
          <reporter-output>
          </reporter-output>
        </test-method> <!-- login -->
        <test-method signature="ActivityTest()[pri:0, instance:crm.activity.CreateActivityTest@6743e411]" started-at="2026-08-14T21:03:38 IST" name="ActivityTest" finished-at="2026-08-14T21:03:53 IST" duration-ms="15063" status="FAIL">
          <exception class="org.openqa.selenium.NoSuchElementException">
            <message>
              <![CDATA[no such element: Unable to locate element: {"method":"css selector","selector":"*[name='subject']"}
  (Session info: chrome=151.0.7922.138)
For documentation on this error, please visit: https://www.selenium.dev/documentation/webdriver/troubleshooting/errors#nosuchelementexception
Build info: version: '4.45.0', revision: 'cd6a3cd cd6a3cdfca6970f62e5bc8344109d0fe0e2af05e'
System info: os.name: 'Windows 11', os.arch: 'amd64', os.version: '10.0', java.version: '21.0.11'
Driver info: org.openqa.selenium.chrome.ChromeDriver
Command: [10ec6d60da6d8372f5852beec792674e, findElement {value=subject, using=name}]
Capabilities {acceptInsecureCerts: false, browserName: chrome, browserVersion: 151.0.7922.138, chrome: {chromedriverVersion: 151.0.7922.138 (41fa8244239..., userDataDir: C:\Users\kesha\AppData\Loca...}, fedcm:accounts: true, goog:chromeOptions: {debuggerAddress: localhost:60367}, goog:processID: 8744, networkConnectionEnabled: false, pageLoadStrategy: normal, platformName: windows, proxy: Proxy(), se:cdp: ws://localhost:60367/devtoo..., se:cdpVersion: 151.0.7922.138, setWindowRect: true, strictFileInteractability: false, timeouts: {implicit: 0, pageLoad: 300000, script: 30000}, unhandledPromptBehavior: dismiss and notify, webauthn:extension:credBlob: true, webauthn:extension:largeBlob: true, webauthn:extension:minPinLength: true, webauthn:extension:prf: true, webauthn:virtualAuthenticators: true}
Session ID: 10ec6d60da6d8372f5852beec792674e]]>
            </message>
            <full-stacktrace>
              <![CDATA[org.openqa.selenium.NoSuchElementException: no such element: Unable to locate element: {"method":"css selector","selector":"*[name='subject']"}
  (Session info: chrome=151.0.7922.138)
For documentation on this error, please visit: https://www.selenium.dev/documentation/webdriver/troubleshooting/errors#nosuchelementexception
Build info: version: '4.45.0', revision: 'cd6a3cd cd6a3cdfca6970f62e5bc8344109d0fe0e2af05e'
System info: os.name: 'Windows 11', os.arch: 'amd64', os.version: '10.0', java.version: '21.0.11'
Driver info: org.openqa.selenium.chrome.ChromeDriver
Command: [10ec6d60da6d8372f5852beec792674e, findElement {value=subject, using=name}]
Capabilities {acceptInsecureCerts: false, browserName: chrome, browserVersion: 151.0.7922.138, chrome: {chromedriverVersion: 151.0.7922.138 (41fa8244239..., userDataDir: C:\Users\kesha\AppData\Loca...}, fedcm:accounts: true, goog:chromeOptions: {debuggerAddress: localhost:60367}, goog:processID: 8744, networkConnectionEnabled: false, pageLoadStrategy: normal, platformName: windows, proxy: Proxy(), se:cdp: ws://localhost:60367/devtoo..., se:cdpVersion: 151.0.7922.138, setWindowRect: true, strictFileInteractability: false, timeouts: {implicit: 0, pageLoad: 300000, script: 30000}, unhandledPromptBehavior: dismiss and notify, webauthn:extension:credBlob: true, webauthn:extension:largeBlob: true, webauthn:extension:minPinLength: true, webauthn:extension:prf: true, webauthn:virtualAuthenticators: true}
Session ID: 10ec6d60da6d8372f5852beec792674e
at org.openqa.selenium.remote.ErrorCodec.decode(ErrorCodec.java:169)
at org.openqa.selenium.remote.codec.w3c.W3CHttpResponseCodec.decode(W3CHttpResponseCodec.java:143)
at org.openqa.selenium.remote.codec.w3c.W3CHttpResponseCodec.decode(W3CHttpResponseCodec.java:50)
at org.openqa.selenium.remote.HttpCommandExecutor.execute(HttpCommandExecutor.java:196)
at org.openqa.selenium.remote.service.DriverCommandExecutor.invokeExecute(DriverCommandExecutor.java:217)
at org.openqa.selenium.remote.service.DriverCommandExecutor.execute(DriverCommandExecutor.java:175)
at org.openqa.selenium.remote.RemoteWebDriver.execute(RemoteWebDriver.java:575)
at org.openqa.selenium.remote.ElementLocation$ElementFinder$2.findElement(ElementLocation.java:173)
at org.openqa.selenium.remote.ElementLocation.findElement(ElementLocation.java:60)
at org.openqa.selenium.remote.RemoteWebDriver.findElement(RemoteWebDriver.java:396)
at org.openqa.selenium.remote.RemoteWebDriver.findElement(RemoteWebDriver.java:390)
at org.openqa.selenium.support.pagefactory.DefaultElementLocator.findElement(DefaultElementLocator.java:69)
at org.openqa.selenium.support.pagefactory.internal.LocatingElementHandler.invoke(LocatingElementHandler.java:38)
at jdk.proxy2/jdk.proxy2.$Proxy15.sendKeys(Unknown Source)
at crm.activity.CreateActivityTest.ActivityTest(CreateActivityTest.java:38)
at java.base/jdk.internal.reflect.DirectMethodHandleAccessor.invoke(DirectMethodHandleAccessor.java:103)
at java.base/java.lang.reflect.Method.invoke(Method.java:580)
at org.testng.internal.invokers.MethodInvocationHelper.invokeMethod(MethodInvocationHelper.java:141)
at org.testng.internal.invokers.TestInvoker.invokeMethod(TestInvoker.java:697)
at org.testng.internal.invokers.TestInvoker.invokeTestMethod(TestInvoker.java:230)
at org.testng.internal.invokers.MethodRunner.runInSequence(MethodRunner.java:63)
at org.testng.internal.invokers.TestInvoker$MethodInvocationAgent.invoke(TestInvoker.java:1005)
at org.testng.internal.invokers.TestInvoker.invokeTestMethods(TestInvoker.java:203)
at org.testng.internal.invokers.TestMethodWorker.invokeTestMethods(TestMethodWorker.java:154)
at org.testng.internal.invokers.TestMethodWorker.run(TestMethodWorker.java:134)
at java.base/java.util.ArrayList.forEach(ArrayList.java:1596)
at org.testng.TestRunner.privateRun(TestRunner.java:744)
at org.testng.TestRunner.run(TestRunner.java:616)
at org.testng.SuiteRunner.runTest(SuiteRunner.java:421)
at org.testng.SuiteRunner$SuiteWorker.run(SuiteRunner.java:463)
at org.testng.internal.thread.ThreadUtil.lambda$execute$0(ThreadUtil.java:64)
at java.base/java.util.concurrent.FutureTask.run(FutureTask.java:317)
at java.base/java.util.concurrent.ThreadPoolExecutor.runWorker(ThreadPoolExecutor.java:1144)
at java.base/java.util.concurrent.ThreadPoolExecutor$Worker.run(ThreadPoolExecutor.java:642)
at java.base/java.lang.Thread.run(Thread.java:1583)
]]>
            </full-stacktrace>
          </exception> <!-- org.openqa.selenium.NoSuchElementException -->
          <reporter-output>
          </reporter-output>
        </test-method> <!-- ActivityTest -->
        <test-method is-config="true" signature="logout()[pri:0, instance:crm.activity.CreateActivityTest@6743e411]" started-at="2026-08-14T21:03:53 IST" name="logout" finished-at="2026-08-14T21:03:54 IST" duration-ms="847" status="PASS">
          <reporter-output>
          </reporter-output>
        </test-method> <!-- logout -->
        <test-method is-config="true" signature="tearDown()[pri:0, instance:crm.activity.CreateActivityTest@6743e411]" started-at="2026-08-14T21:03:54 IST" name="tearDown" finished-at="2026-08-14T21:03:54 IST" duration-ms="267" status="PASS">
          <reporter-output>
          </reporter-output>
        </test-method> <!-- tearDown -->
      </class> <!-- crm.activity.CreateActivityTest -->
      <class name="crm.campaign.CreateCampaignTest">
        <test-method is-config="true" signature="setUp(java.lang.String)[pri:0, instance:crm.campaign.CreateCampaignTest@682b2fa]" started-at="2026-08-14T21:03:24 IST" name="setUp" finished-at="2026-08-14T21:03:25 IST" duration-ms="1195" status="PASS">
          <params>
            <param index="0">
              <value>
                <![CDATA[chrome]]>
              </value>
            </param>
          </params>
          <reporter-output>
          </reporter-output>
        </test-method> <!-- setUp -->
        <test-method is-config="true" signature="login()[pri:0, instance:crm.campaign.CreateCampaignTest@682b2fa]" started-at="2026-08-14T21:03:25 IST" name="login" finished-at="2026-08-14T21:03:26 IST" duration-ms="901" status="PASS">
          <reporter-output>
          </reporter-output>
        </test-method> <!-- login -->
        <test-method signature="CampaignTest()[pri:0, instance:crm.campaign.CreateCampaignTest@682b2fa]" started-at="2026-08-14T21:03:26 IST" name="CampaignTest" finished-at="2026-08-14T21:03:33 IST" duration-ms="6717" status="PASS">
          <reporter-output>
          </reporter-output>
        </test-method> <!-- CampaignTest -->
        <test-method is-config="true" signature="logout()[pri:0, instance:crm.campaign.CreateCampaignTest@682b2fa]" started-at="2026-08-14T21:03:33 IST" name="logout" finished-at="2026-08-14T21:03:33 IST" duration-ms="750" status="PASS">
          <reporter-output>
          </reporter-output>
        </test-method> <!-- logout -->
        <test-method is-config="true" signature="tearDown()[pri:0, instance:crm.campaign.CreateCampaignTest@682b2fa]" started-at="2026-08-14T21:03:33 IST" name="tearDown" finished-at="2026-08-14T21:03:34 IST" duration-ms="214" status="PASS">
          <reporter-output>
          </reporter-output>
        </test-method> <!-- tearDown -->
      </class> <!-- crm.campaign.CreateCampaignTest -->
      <class name="crm.opportunity.CreateOppTest">
        <test-method is-config="true" signature="setUp(java.lang.String)[pri:0, instance:crm.opportunity.CreateOppTest@3eb25e1a]" started-at="2026-08-14T21:03:54 IST" name="setUp" finished-at="2026-08-14T21:03:55 IST" duration-ms="793" status="PASS">
          <params>
            <param index="0">
              <value>
                <![CDATA[chrome]]>
              </value>
            </param>
          </params>
          <reporter-output>
          </reporter-output>
        </test-method> <!-- setUp -->
        <test-method is-config="true" signature="login()[pri:0, instance:crm.opportunity.CreateOppTest@3eb25e1a]" started-at="2026-08-14T21:03:55 IST" name="login" finished-at="2026-08-14T21:03:58 IST" duration-ms="3381" status="PASS">
          <reporter-output>
          </reporter-output>
        </test-method> <!-- login -->
        <test-method signature="OppTest()[pri:0, instance:crm.opportunity.CreateOppTest@3eb25e1a]" started-at="2026-08-14T21:03:58 IST" name="OppTest" finished-at="2026-08-14T21:04:05 IST" duration-ms="6743" status="PASS">
          <reporter-output>
          </reporter-output>
        </test-method> <!-- OppTest -->
        <test-method is-config="true" signature="logout()[pri:0, instance:crm.opportunity.CreateOppTest@3eb25e1a]" started-at="2026-08-14T21:04:05 IST" name="logout" finished-at="2026-08-14T21:04:06 IST" duration-ms="792" status="PASS">
          <reporter-output>
          </reporter-output>
        </test-method> <!-- logout -->
        <test-method is-config="true" signature="tearDown()[pri:0, instance:crm.opportunity.CreateOppTest@3eb25e1a]" started-at="2026-08-14T21:04:06 IST" name="tearDown" finished-at="2026-08-14T21:04:06 IST" duration-ms="207" status="PASS">
          <reporter-output>
          </reporter-output>
        </test-method> <!-- tearDown -->
      </class> <!-- crm.opportunity.CreateOppTest -->
    </test> <!-- Chrome Browser -->
  </suite> <!-- Cross Browser Suite -->
</testng-results>
