<?xml version="1.0" encoding="UTF-8"?>
<testng-results ignored="2" total="6" passed="4" failed="0" skipped="0">
  <reporter-output>
  </reporter-output>
  <suite started-at="2026-08-10T15:34:10 IST" name="Cross Browser Suite" finished-at="2026-08-10T15:35:46 IST" duration-ms="96130">
    <groups>
      <group name="regression">
        <method signature="CreateOrgTest.OrgTest()[pri:0, instance:crm.organization.CreateOrgTest@7eac9008]" name="OrgTest" class="crm.organization.CreateOrgTest"/>
        <method signature="CreateVendorTest.VendorTest()[pri:0, instance:crm.vendor.CreateVendorTest@4e50c791]" name="VendorTest" class="crm.vendor.CreateVendorTest"/>
        <method signature="LoginTest.testLogin()[pri:0, instance:crm.login.LoginTest@45b4c3a9]" name="testLogin" class="crm.login.LoginTest"/>
        <method signature="CreateOppTest.OppTest()[pri:0, instance:crm.opportunity.CreateOppTest@399c4be1]" name="OppTest" class="crm.opportunity.CreateOppTest"/>
        <method signature="CreateProductTest.ProductTest()[pri:0, instance:crm.product.CreateProductTest@6a2f6f80]" name="ProductTest" class="crm.product.CreateProductTest"/>
      </group> <!-- regression -->
      <group name="smoke">
        <method signature="CreateCampaignTest.CampaignTest()[pri:0, instance:crm.campaign.CreateCampaignTest@489115ef]" name="CampaignTest" class="crm.campaign.CreateCampaignTest"/>
        <method signature="CreateCaseTest.CaseTest()[pri:0, instance:crm.cases.CreateCaseTest@15de0b3c]" name="CaseTest" class="crm.cases.CreateCaseTest"/>
      </group> <!-- smoke -->
    </groups>
    <test started-at="2026-08-10T15:34:10 IST" name="Edge Browser" finished-at="2026-08-10T15:34:52 IST" duration-ms="42374">
      <class name="crm.vendor.CreateVendorTest">
        <test-method is-config="true" signature="setUp(java.lang.String)[pri:0, instance:crm.vendor.CreateVendorTest@4e50c791]" started-at="2026-08-10T15:34:10 IST" name="setUp" finished-at="2026-08-10T15:34:13 IST" duration-ms="2696" status="PASS">
          <params>
            <param index="0">
              <value>
                <![CDATA[edge]]>
              </value>
            </param>
          </params>
          <reporter-output>
          </reporter-output>
        </test-method> <!-- setUp -->
        <test-method is-config="true" signature="login()[pri:0, instance:crm.vendor.CreateVendorTest@4e50c791]" started-at="2026-08-10T15:34:13 IST" name="login" finished-at="2026-08-10T15:34:36 IST" duration-ms="23681" status="PASS">
          <reporter-output>
          </reporter-output>
        </test-method> <!-- login -->
        <test-method signature="VendorTest()[pri:0, instance:crm.vendor.CreateVendorTest@4e50c791]" started-at="2026-08-10T15:34:36 IST" name="VendorTest" finished-at="2026-08-10T15:34:50 IST" duration-ms="13574" status="PASS">
          <reporter-output>
          </reporter-output>
        </test-method> <!-- VendorTest -->
        <test-method is-config="true" signature="logout()[pri:0, instance:crm.vendor.CreateVendorTest@4e50c791]" started-at="2026-08-10T15:34:50 IST" name="logout" finished-at="2026-08-10T15:34:51 IST" duration-ms="1648" status="PASS">
          <reporter-output>
          </reporter-output>
        </test-method> <!-- logout -->
        <test-method is-config="true" signature="tearDown()[pri:0, instance:crm.vendor.CreateVendorTest@4e50c791]" started-at="2026-08-10T15:34:51 IST" name="tearDown" finished-at="2026-08-10T15:34:52 IST" duration-ms="717" status="PASS">
          <reporter-output>
          </reporter-output>
        </test-method> <!-- tearDown -->
      </class> <!-- crm.vendor.CreateVendorTest -->
    </test> <!-- Edge Browser -->
    <test started-at="2026-08-10T15:34:10 IST" name="Chrome Browser" finished-at="2026-08-10T15:35:46 IST" duration-ms="96130">
      <class name="crm.campaign.CreateCampaignTest">
        <test-method is-config="true" signature="setUp(java.lang.String)[pri:0, instance:crm.campaign.CreateCampaignTest@489115ef]" started-at="2026-08-10T15:35:21 IST" name="setUp" finished-at="2026-08-10T15:35:22 IST" duration-ms="1020" status="PASS">
          <params>
            <param index="0">
              <value>
                <![CDATA[chrome]]>
              </value>
            </param>
          </params>
          <reporter-output>
          </reporter-output>
        </test-method> <!-- setUp -->
        <test-method is-config="true" signature="login()[pri:0, instance:crm.campaign.CreateCampaignTest@489115ef]" started-at="2026-08-10T15:35:22 IST" name="login" finished-at="2026-08-10T15:35:35 IST" duration-ms="13023" status="PASS">
          <reporter-output>
          </reporter-output>
        </test-method> <!-- login -->
        <test-method signature="CampaignTest()[pri:0, instance:crm.campaign.CreateCampaignTest@489115ef]" started-at="2026-08-10T15:35:35 IST" name="CampaignTest" finished-at="2026-08-10T15:35:44 IST" duration-ms="9622" status="PASS">
          <reporter-output>
          </reporter-output>
        </test-method> <!-- CampaignTest -->
        <test-method is-config="true" signature="logout()[pri:0, instance:crm.campaign.CreateCampaignTest@489115ef]" started-at="2026-08-10T15:35:44 IST" name="logout" finished-at="2026-08-10T15:35:46 IST" duration-ms="1336" status="PASS">
          <reporter-output>
          </reporter-output>
        </test-method> <!-- logout -->
        <test-method is-config="true" signature="tearDown()[pri:0, instance:crm.campaign.CreateCampaignTest@489115ef]" started-at="2026-08-10T15:35:46 IST" name="tearDown" finished-at="2026-08-10T15:35:46 IST" duration-ms="340" status="PASS">
          <reporter-output>
          </reporter-output>
        </test-method> <!-- tearDown -->
      </class> <!-- crm.campaign.CreateCampaignTest -->
      <class name="crm.cases.CreateCaseTest">
        <test-method is-config="true" signature="setUp(java.lang.String)[pri:0, instance:crm.cases.CreateCaseTest@15de0b3c]" started-at="2026-08-10T15:34:55 IST" name="setUp" finished-at="2026-08-10T15:35:01 IST" duration-ms="5567" status="PASS">
          <params>
            <param index="0">
              <value>
                <![CDATA[chrome]]>
              </value>
            </param>
          </params>
          <reporter-output>
          </reporter-output>
        </test-method> <!-- setUp -->
        <test-method is-config="true" signature="login()[pri:0, instance:crm.cases.CreateCaseTest@15de0b3c]" started-at="2026-08-10T15:35:01 IST" name="login" finished-at="2026-08-10T15:35:10 IST" duration-ms="9004" status="PASS">
          <reporter-output>
          </reporter-output>
        </test-method> <!-- login -->
        <test-method signature="CaseTest()[pri:0, instance:crm.cases.CreateCaseTest@15de0b3c]" started-at="2026-08-10T15:35:10 IST" name="CaseTest" finished-at="2026-08-10T15:35:19 IST" duration-ms="9069" status="PASS">
          <reporter-output>
          </reporter-output>
        </test-method> <!-- CaseTest -->
        <test-method is-config="true" signature="logout()[pri:0, instance:crm.cases.CreateCaseTest@15de0b3c]" started-at="2026-08-10T15:35:19 IST" name="logout" finished-at="2026-08-10T15:35:20 IST" duration-ms="1573" status="PASS">
          <reporter-output>
          </reporter-output>
        </test-method> <!-- logout -->
        <test-method is-config="true" signature="tearDown()[pri:0, instance:crm.cases.CreateCaseTest@15de0b3c]" started-at="2026-08-10T15:35:20 IST" name="tearDown" finished-at="2026-08-10T15:35:21 IST" duration-ms="338" status="PASS">
          <reporter-output>
          </reporter-output>
        </test-method> <!-- tearDown -->
      </class> <!-- crm.cases.CreateCaseTest -->
      <class name="crm.organization.CreateOrgTest">
        <test-method is-config="true" signature="setUp(java.lang.String)[pri:0, instance:crm.organization.CreateOrgTest@7eac9008]" started-at="2026-08-10T15:34:10 IST" name="setUp" finished-at="2026-08-10T15:34:12 IST" duration-ms="2199" status="PASS">
          <params>
            <param index="0">
              <value>
                <![CDATA[chrome]]>
              </value>
            </param>
          </params>
          <reporter-output>
          </reporter-output>
        </test-method> <!-- setUp -->
        <test-method is-config="true" signature="login()[pri:0, instance:crm.organization.CreateOrgTest@7eac9008]" started-at="2026-08-10T15:34:12 IST" name="login" finished-at="2026-08-10T15:34:36 IST" duration-ms="24035" status="PASS">
          <reporter-output>
          </reporter-output>
        </test-method> <!-- login -->
        <test-method signature="OrgTest()[pri:0, instance:crm.organization.CreateOrgTest@7eac9008]" started-at="2026-08-10T15:34:36 IST" name="OrgTest" finished-at="2026-08-10T15:34:54 IST" duration-ms="17562" status="PASS">
          <reporter-output>
          </reporter-output>
        </test-method> <!-- OrgTest -->
        <test-method is-config="true" signature="logout()[pri:0, instance:crm.organization.CreateOrgTest@7eac9008]" started-at="2026-08-10T15:34:54 IST" name="logout" finished-at="2026-08-10T15:34:55 IST" duration-ms="1044" status="PASS">
          <reporter-output>
          </reporter-output>
        </test-method> <!-- logout -->
        <test-method is-config="true" signature="tearDown()[pri:0, instance:crm.organization.CreateOrgTest@7eac9008]" started-at="2026-08-10T15:34:55 IST" name="tearDown" finished-at="2026-08-10T15:34:55 IST" duration-ms="331" status="PASS">
          <reporter-output>
          </reporter-output>
        </test-method> <!-- tearDown -->
      </class> <!-- crm.organization.CreateOrgTest -->
    </test> <!-- Chrome Browser -->
  </suite> <!-- Cross Browser Suite -->
</testng-results>
